{"F:\\3 mounth\\project\\blockchain\\blockchain\\block.js": {"path":"F:\\3 mounth\\project\\blockchain\\blockchain\\block.js","statementMap":{"0":{"start":{"line":2,"column":20},"end":{"line":2,"column":44}},"1":{"start":{"line":4,"column":37},"end":{"line":4,"column":66}},"2":{"start":{"line":5,"column":17},"end":{"line":5,"column":45}},"3":{"start":{"line":10,"column":8},"end":{"line":10,"column":35}},"4":{"start":{"line":11,"column":8},"end":{"line":11,"column":25}},"5":{"start":{"line":12,"column":8},"end":{"line":12,"column":33}},"6":{"start":{"line":13,"column":8},"end":{"line":13,"column":25}},"7":{"start":{"line":14,"column":8},"end":{"line":14,"column":37}},"8":{"start":{"line":15,"column":8},"end":{"line":15,"column":26}},"9":{"start":{"line":19,"column":8},"end":{"line":19,"column":38}},"10":{"start":{"line":23,"column":25},"end":{"line":23,"column":39}},"11":{"start":{"line":24,"column":29},"end":{"line":24,"column":38}},"12":{"start":{"line":27,"column":20},"end":{"line":27,"column":21}},"13":{"start":{"line":29,"column":8},"end":{"line":35,"column":90}},"14":{"start":{"line":31,"column":12},"end":{"line":31,"column":22}},"15":{"start":{"line":32,"column":12},"end":{"line":32,"column":34}},"16":{"start":{"line":33,"column":12},"end":{"line":33,"column":61}},"17":{"start":{"line":37,"column":8},"end":{"line":37,"column":84}},"18":{"start":{"line":39,"column":8},"end":{"line":39,"column":85}},"19":{"start":{"line":44,"column":29},"end":{"line":44,"column":42}},"20":{"start":{"line":45,"column":8},"end":{"line":48,"column":9}},"21":{"start":{"line":46,"column":12},"end":{"line":46,"column":53}},"22":{"start":{"line":46,"column":32},"end":{"line":46,"column":53}},"23":{"start":{"line":47,"column":12},"end":{"line":47,"column":20}},"24":{"start":{"line":49,"column":8},"end":{"line":49,"column":30}},"25":{"start":{"line":61,"column":0},"end":{"line":61,"column":22}}},"fnMap":{"0":{"name":"(anonymous_0)","decl":{"start":{"line":9,"column":4},"end":{"line":9,"column":5}},"loc":{"start":{"line":9,"column":72},"end":{"line":16,"column":5}},"line":9},"1":{"name":"(anonymous_1)","decl":{"start":{"line":18,"column":4},"end":{"line":18,"column":5}},"loc":{"start":{"line":18,"column":21},"end":{"line":20,"column":5}},"line":18},"2":{"name":"(anonymous_2)","decl":{"start":{"line":22,"column":4},"end":{"line":22,"column":5}},"loc":{"start":{"line":22,"column":38},"end":{"line":40,"column":5}},"line":22},"3":{"name":"(anonymous_3)","decl":{"start":{"line":43,"column":4},"end":{"line":43,"column":5}},"loc":{"start":{"line":43,"column":58},"end":{"line":58,"column":5}},"line":43}},"branchMap":{"0":{"loc":{"start":{"line":45,"column":8},"end":{"line":48,"column":9}},"type":"if","locations":[{"start":{"line":45,"column":8},"end":{"line":48,"column":9}},{"start":{},"end":{}}],"line":45},"1":{"loc":{"start":{"line":46,"column":12},"end":{"line":46,"column":53}},"type":"if","locations":[{"start":{"line":46,"column":12},"end":{"line":46,"column":53}},{"start":{},"end":{}}],"line":46}},"s":{"0":4,"1":4,"2":4,"3":87,"4":87,"5":87,"6":87,"7":87,"8":87,"9":52,"10":34,"11":34,"12":34,"13":34,"14":160,"15":160,"16":160,"17":34,"18":34,"19":37,"20":37,"21":20,"22":19,"23":1,"24":17,"25":4},"f":{"0":87,"1":52,"2":34,"3":37},"b":{"0":[20,17],"1":[19,1]},"_coverageSchema":"1a1c01bbd47fc00a2c39e90264f33305004495a9","hash":"2b992d4d8adbccd988dfbc2954fe24c75616bf9a"}
,"F:\\3 mounth\\project\\blockchain\\blockchain\\blockchain.js": {"path":"F:\\3 mounth\\project\\blockchain\\blockchain\\blockchain.js","statementMap":{"0":{"start":{"line":1,"column":14},"end":{"line":1,"column":32}},"1":{"start":{"line":2,"column":20},"end":{"line":2,"column":52}},"2":{"start":{"line":3,"column":17},"end":{"line":3,"column":45}},"3":{"start":{"line":7,"column":4},"end":{"line":7,"column":33}},"4":{"start":{"line":8,"column":15},"end":{"line":8,"column":42}},"5":{"start":{"line":12,"column":4},"end":{"line":12,"column":35}},"6":{"start":{"line":17,"column":6},"end":{"line":17,"column":39}},"7":{"start":{"line":18,"column":4},"end":{"line":20,"column":6}},"8":{"start":{"line":24,"column":4},"end":{"line":28,"column":19}},"9":{"start":{"line":28,"column":6},"end":{"line":28,"column":19}},"10":{"start":{"line":30,"column":4},"end":{"line":48,"column":5}},"11":{"start":{"line":30,"column":17},"end":{"line":30,"column":18}},"12":{"start":{"line":31,"column":20},"end":{"line":31,"column":28}},"13":{"start":{"line":32,"column":29},"end":{"line":32,"column":46}},"14":{"start":{"line":39,"column":10},"end":{"line":39,"column":15}},"15":{"start":{"line":41,"column":6},"end":{"line":42,"column":21}},"16":{"start":{"line":42,"column":8},"end":{"line":42,"column":21}},"17":{"start":{"line":43,"column":6},"end":{"line":47,"column":21}},"18":{"start":{"line":47,"column":8},"end":{"line":47,"column":21}},"19":{"start":{"line":49,"column":4},"end":{"line":49,"column":16}},"20":{"start":{"line":57,"column":4},"end":{"line":62,"column":5}},"21":{"start":{"line":58,"column":6},"end":{"line":60,"column":8}},"22":{"start":{"line":61,"column":6},"end":{"line":61,"column":13}},"23":{"start":{"line":63,"column":4},"end":{"line":68,"column":5}},"24":{"start":{"line":64,"column":6},"end":{"line":66,"column":8}},"25":{"start":{"line":67,"column":6},"end":{"line":67,"column":13}},"26":{"start":{"line":70,"column":4},"end":{"line":80,"column":5}},"27":{"start":{"line":76,"column":6},"end":{"line":78,"column":8}},"28":{"start":{"line":79,"column":6},"end":{"line":79,"column":13}},"29":{"start":{"line":82,"column":4},"end":{"line":82,"column":31}},"30":{"start":{"line":82,"column":19},"end":{"line":82,"column":31}},"31":{"start":{"line":83,"column":4},"end":{"line":83,"column":26}},"32":{"start":{"line":84,"column":4},"end":{"line":88,"column":6}},"33":{"start":{"line":92,"column":4},"end":{"line":152,"column":5}},"34":{"start":{"line":92,"column":17},"end":{"line":92,"column":18}},"35":{"start":{"line":93,"column":20},"end":{"line":93,"column":28}},"36":{"start":{"line":94,"column":29},"end":{"line":94,"column":38}},"37":{"start":{"line":95,"column":35},"end":{"line":95,"column":36}},"38":{"start":{"line":96,"column":6},"end":{"line":151,"column":7}},"39":{"start":{"line":97,"column":8},"end":{"line":150,"column":9}},"40":{"start":{"line":101,"column":10},"end":{"line":101,"column":38}},"41":{"start":{"line":102,"column":10},"end":{"line":107,"column":11}},"42":{"start":{"line":103,"column":12},"end":{"line":105,"column":14}},"43":{"start":{"line":106,"column":12},"end":{"line":106,"column":25}},"44":{"start":{"line":108,"column":10},"end":{"line":117,"column":11}},"45":{"start":{"line":113,"column":12},"end":{"line":115,"column":14}},"46":{"start":{"line":116,"column":12},"end":{"line":116,"column":25}},"47":{"start":{"line":119,"column":10},"end":{"line":126,"column":11}},"48":{"start":{"line":124,"column":12},"end":{"line":124,"column":49}},"49":{"start":{"line":125,"column":12},"end":{"line":125,"column":25}},"50":{"start":{"line":129,"column":12},"end":{"line":132,"column":14}},"51":{"start":{"line":134,"column":10},"end":{"line":140,"column":11}},"52":{"start":{"line":138,"column":12},"end":{"line":138,"column":50}},"53":{"start":{"line":139,"column":12},"end":{"line":139,"column":25}},"54":{"start":{"line":142,"column":10},"end":{"line":149,"column":11}},"55":{"start":{"line":143,"column":12},"end":{"line":145,"column":14}},"56":{"start":{"line":146,"column":12},"end":{"line":146,"column":25}},"57":{"start":{"line":148,"column":12},"end":{"line":148,"column":44}},"58":{"start":{"line":153,"column":4},"end":{"line":153,"column":16}},"59":{"start":{"line":157,"column":0},"end":{"line":157,"column":28}}},"fnMap":{"0":{"name":"(anonymous_0)","decl":{"start":{"line":11,"column":2},"end":{"line":11,"column":3}},"loc":{"start":{"line":11,"column":16},"end":{"line":13,"column":3}},"line":11},"1":{"name":"(anonymous_1)","decl":{"start":{"line":15,"column":2},"end":{"line":15,"column":3}},"loc":{"start":{"line":15,"column":21},"end":{"line":21,"column":3}},"line":15},"2":{"name":"(anonymous_2)","decl":{"start":{"line":23,"column":2},"end":{"line":23,"column":3}},"loc":{"start":{"line":23,"column":29},"end":{"line":50,"column":3}},"line":23},"3":{"name":"(anonymous_3)","decl":{"start":{"line":52,"column":2},"end":{"line":52,"column":3}},"loc":{"start":{"line":56,"column":4},"end":{"line":89,"column":3}},"line":56},"4":{"name":"(anonymous_4)","decl":{"start":{"line":91,"column":2},"end":{"line":91,"column":3}},"loc":{"start":{"line":91,"column":34},"end":{"line":154,"column":3}},"line":91}},"branchMap":{"0":{"loc":{"start":{"line":24,"column":4},"end":{"line":28,"column":19}},"type":"if","locations":[{"start":{"line":24,"column":4},"end":{"line":28,"column":19}},{"start":{},"end":{}}],"line":24},"1":{"loc":{"start":{"line":41,"column":6},"end":{"line":42,"column":21}},"type":"if","locations":[{"start":{"line":41,"column":6},"end":{"line":42,"column":21}},{"start":{},"end":{}}],"line":41},"2":{"loc":{"start":{"line":43,"column":6},"end":{"line":47,"column":21}},"type":"if","locations":[{"start":{"line":43,"column":6},"end":{"line":47,"column":21}},{"start":{},"end":{}}],"line":43},"3":{"loc":{"start":{"line":57,"column":4},"end":{"line":62,"column":5}},"type":"if","locations":[{"start":{"line":57,"column":4},"end":{"line":62,"column":5}},{"start":{},"end":{}}],"line":57},"4":{"loc":{"start":{"line":63,"column":4},"end":{"line":68,"column":5}},"type":"if","locations":[{"start":{"line":63,"column":4},"end":{"line":68,"column":5}},{"start":{},"end":{}}],"line":63},"5":{"loc":{"start":{"line":70,"column":4},"end":{"line":80,"column":5}},"type":"if","locations":[{"start":{"line":70,"column":4},"end":{"line":80,"column":5}},{"start":{},"end":{}}],"line":70},"6":{"loc":{"start":{"line":71,"column":6},"end":{"line":74,"column":8}},"type":"binary-expr","locations":[{"start":{"line":71,"column":6},"end":{"line":71,"column":22}},{"start":{"line":72,"column":6},"end":{"line":74,"column":8}}],"line":71},"7":{"loc":{"start":{"line":82,"column":4},"end":{"line":82,"column":31}},"type":"if","locations":[{"start":{"line":82,"column":4},"end":{"line":82,"column":31}},{"start":{},"end":{}}],"line":82},"8":{"loc":{"start":{"line":97,"column":8},"end":{"line":150,"column":9}},"type":"if","locations":[{"start":{"line":97,"column":8},"end":{"line":150,"column":9}},{"start":{"line":118,"column":15},"end":{"line":150,"column":9}}],"line":97},"9":{"loc":{"start":{"line":102,"column":10},"end":{"line":107,"column":11}},"type":"if","locations":[{"start":{"line":102,"column":10},"end":{"line":107,"column":11}},{"start":{},"end":{}}],"line":102},"10":{"loc":{"start":{"line":108,"column":10},"end":{"line":117,"column":11}},"type":"if","locations":[{"start":{"line":108,"column":10},"end":{"line":117,"column":11}},{"start":{},"end":{}}],"line":108},"11":{"loc":{"start":{"line":119,"column":10},"end":{"line":126,"column":11}},"type":"if","locations":[{"start":{"line":119,"column":10},"end":{"line":126,"column":11}},{"start":{},"end":{}}],"line":119},"12":{"loc":{"start":{"line":134,"column":10},"end":{"line":140,"column":11}},"type":"if","locations":[{"start":{"line":134,"column":10},"end":{"line":140,"column":11}},{"start":{},"end":{}}],"line":134},"13":{"loc":{"start":{"line":142,"column":10},"end":{"line":149,"column":11}},"type":"if","locations":[{"start":{"line":142,"column":10},"end":{"line":149,"column":11}},{"start":{"line":147,"column":17},"end":{"line":149,"column":11}}],"line":142}},"s":{"0":3,"1":3,"2":3,"3":3,"4":3,"5":42,"6":33,"7":33,"8":7,"9":1,"10":6,"11":6,"12":13,"13":13,"14":13,"15":13,"16":1,"17":12,"18":3,"19":2,"20":5,"21":2,"22":2,"23":3,"24":2,"25":2,"26":1,"27":0,"28":0,"29":1,"30":0,"31":1,"32":1,"33":6,"34":6,"35":6,"36":6,"37":6,"38":6,"39":11,"40":4,"41":4,"42":1,"43":1,"44":3,"45":1,"46":1,"47":7,"48":1,"49":1,"50":6,"51":6,"52":1,"53":1,"54":5,"55":1,"56":1,"57":4,"58":1,"59":3},"f":{"0":42,"1":33,"2":7,"3":5,"4":6},"b":{"0":[1,6],"1":[1,12],"2":[3,9],"3":[2,3],"4":[2,1],"5":[0,1],"6":[1,0],"7":[0,1],"8":[4,7],"9":[1,3],"10":[1,2],"11":[1,6],"12":[1,5],"13":[1,4]},"_coverageSchema":"1a1c01bbd47fc00a2c39e90264f33305004495a9","hash":"27a6ae032d4dcdca6961354b44727da05e4e322e"}
,"F:\\3 mounth\\project\\blockchain\\configs\\configs.js": {"path":"F:\\3 mounth\\project\\blockchain\\configs\\configs.js","statementMap":{"0":{"start":{"line":1,"column":27},"end":{"line":1,"column":28}},"1":{"start":{"line":2,"column":18},"end":{"line":2,"column":22}},"2":{"start":{"line":3,"column":25},"end":{"line":3,"column":29}},"3":{"start":{"line":5,"column":21},"end":{"line":7,"column":1}},"4":{"start":{"line":8,"column":22},"end":{"line":8,"column":24}},"5":{"start":{"line":10,"column":22},"end":{"line":17,"column":1}},"6":{"start":{"line":19,"column":0},"end":{"line":25,"column":2}}},"fnMap":{},"branchMap":{},"s":{"0":5,"1":5,"2":5,"3":5,"4":5,"5":5,"6":5},"f":{},"b":{},"_coverageSchema":"1a1c01bbd47fc00a2c39e90264f33305004495a9","hash":"dd125eff4d89b231a3a3a7d2f2403b933e651706"}
,"F:\\3 mounth\\project\\blockchain\\utils\\ec.js": {"path":"F:\\3 mounth\\project\\blockchain\\utils\\ec.js","statementMap":{"0":{"start":{"line":1,"column":11},"end":{"line":1,"column":33}},"1":{"start":{"line":3,"column":11},"end":{"line":3,"column":30}},"2":{"start":{"line":5,"column":0},"end":{"line":5,"column":23}}},"fnMap":{},"branchMap":{},"s":{"0":4,"1":4,"2":4},"f":{},"b":{},"_coverageSchema":"1a1c01bbd47fc00a2c39e90264f33305004495a9","hash":"db4ca19af607cf28ef35c699f31bf4d9d063fa8f"}
,"F:\\3 mounth\\project\\blockchain\\utils\\hashFunc.js": {"path":"F:\\3 mounth\\project\\blockchain\\utils\\hashFunc.js","statementMap":{"0":{"start":{"line":1,"column":15},"end":{"line":1,"column":32}},"1":{"start":{"line":3,"column":17},"end":{"line":12,"column":1}},"2":{"start":{"line":4,"column":15},"end":{"line":4,"column":42}},"3":{"start":{"line":5,"column":2},"end":{"line":10,"column":4}},"4":{"start":{"line":7,"column":22},"end":{"line":7,"column":43}},"5":{"start":{"line":11,"column":2},"end":{"line":11,"column":28}},"6":{"start":{"line":14,"column":0},"end":{"line":14,"column":26}}},"fnMap":{"0":{"name":"(anonymous_0)","decl":{"start":{"line":3,"column":17},"end":{"line":3,"column":18}},"loc":{"start":{"line":3,"column":32},"end":{"line":12,"column":1}},"line":3},"1":{"name":"(anonymous_1)","decl":{"start":{"line":7,"column":11},"end":{"line":7,"column":12}},"loc":{"start":{"line":7,"column":22},"end":{"line":7,"column":43}},"line":7}},"branchMap":{},"s":{"0":6,"1":6,"2":285,"3":285,"4":808,"5":285,"6":6},"f":{"0":285,"1":808},"b":{},"_coverageSchema":"1a1c01bbd47fc00a2c39e90264f33305004495a9","hash":"f3b00090d1eeb06c64052db3794bf011f87a70c2"}
,"F:\\3 mounth\\project\\blockchain\\utils\\verifySignature.js": {"path":"F:\\3 mounth\\project\\blockchain\\utils\\verifySignature.js","statementMap":{"0":{"start":{"line":1,"column":15},"end":{"line":1,"column":30}},"1":{"start":{"line":2,"column":17},"end":{"line":2,"column":38}},"2":{"start":{"line":4,"column":24},"end":{"line":7,"column":1}},"3":{"start":{"line":5,"column":26},"end":{"line":5,"column":60}},"4":{"start":{"line":6,"column":4},"end":{"line":6,"column":58}},"5":{"start":{"line":9,"column":0},"end":{"line":9,"column":33}}},"fnMap":{"0":{"name":"(anonymous_0)","decl":{"start":{"line":4,"column":24},"end":{"line":4,"column":25}},"loc":{"start":{"line":4,"column":60},"end":{"line":7,"column":1}},"line":4}},"branchMap":{},"s":{"0":4,"1":4,"2":4,"3":23,"4":23,"5":4},"f":{"0":23},"b":{},"_coverageSchema":"1a1c01bbd47fc00a2c39e90264f33305004495a9","hash":"35710c3156c779c8f31ebb7a51fcafe55c1e72fd"}
,"F:\\3 mounth\\project\\blockchain\\wallet\\transaction.js": {"path":"F:\\3 mounth\\project\\blockchain\\wallet\\transaction.js","statementMap":{"0":{"start":{"line":1,"column":15},"end":{"line":1,"column":30}},"1":{"start":{"line":2,"column":24},"end":{"line":2,"column":59}},"2":{"start":{"line":6,"column":4},"end":{"line":6,"column":33}},"3":{"start":{"line":16,"column":4},"end":{"line":16,"column":19}},"4":{"start":{"line":17,"column":4},"end":{"line":23,"column":9}},"5":{"start":{"line":24,"column":4},"end":{"line":29,"column":9}},"6":{"start":{"line":37,"column":22},"end":{"line":37,"column":24}},"7":{"start":{"line":38,"column":4},"end":{"line":38,"column":34}},"8":{"start":{"line":39,"column":4},"end":{"line":40,"column":36}},"9":{"start":{"line":41,"column":4},"end":{"line":41,"column":21}},"10":{"start":{"line":45,"column":4},"end":{"line":50,"column":6}},"11":{"start":{"line":57,"column":8},"end":{"line":57,"column":19}},"12":{"start":{"line":59,"column":24},"end":{"line":64,"column":5}},"13":{"start":{"line":63,"column":8},"end":{"line":63,"column":28}},"14":{"start":{"line":66,"column":4},"end":{"line":71,"column":5}},"15":{"start":{"line":67,"column":6},"end":{"line":69,"column":8}},"16":{"start":{"line":70,"column":6},"end":{"line":70,"column":19}},"17":{"start":{"line":73,"column":4},"end":{"line":84,"column":5}},"18":{"start":{"line":80,"column":6},"end":{"line":82,"column":8}},"19":{"start":{"line":83,"column":6},"end":{"line":83,"column":19}},"20":{"start":{"line":86,"column":4},"end":{"line":86,"column":16}},"21":{"start":{"line":90,"column":4},"end":{"line":95,"column":5}},"22":{"start":{"line":94,"column":6},"end":{"line":94,"column":48}},"23":{"start":{"line":96,"column":4},"end":{"line":100,"column":5}},"24":{"start":{"line":97,"column":6},"end":{"line":97,"column":41}},"25":{"start":{"line":99,"column":6},"end":{"line":99,"column":42}},"26":{"start":{"line":101,"column":4},"end":{"line":103,"column":13}},"27":{"start":{"line":105,"column":4},"end":{"line":108,"column":7}},"28":{"start":{"line":112,"column":4},"end":{"line":117,"column":7}},"29":{"start":{"line":121,"column":0},"end":{"line":121,"column":29}}},"fnMap":{"0":{"name":"(anonymous_0)","decl":{"start":{"line":9,"column":2},"end":{"line":9,"column":3}},"loc":{"start":{"line":15,"column":5},"end":{"line":30,"column":3}},"line":15},"1":{"name":"(anonymous_1)","decl":{"start":{"line":32,"column":2},"end":{"line":32,"column":3}},"loc":{"start":{"line":36,"column":5},"end":{"line":42,"column":3}},"line":36},"2":{"name":"(anonymous_2)","decl":{"start":{"line":44,"column":2},"end":{"line":44,"column":3}},"loc":{"start":{"line":44,"column":43},"end":{"line":51,"column":3}},"line":44},"3":{"name":"(anonymous_3)","decl":{"start":{"line":53,"column":2},"end":{"line":53,"column":3}},"loc":{"start":{"line":53,"column":39},"end":{"line":87,"column":3}},"line":53},"4":{"name":"(anonymous_4)","decl":{"start":{"line":62,"column":6},"end":{"line":62,"column":7}},"loc":{"start":{"line":63,"column":8},"end":{"line":63,"column":28}},"line":63},"5":{"name":"(anonymous_5)","decl":{"start":{"line":89,"column":2},"end":{"line":89,"column":3}},"loc":{"start":{"line":89,"column":46},"end":{"line":109,"column":3}},"line":89},"6":{"name":"(anonymous_6)","decl":{"start":{"line":111,"column":2},"end":{"line":111,"column":3}},"loc":{"start":{"line":111,"column":44},"end":{"line":118,"column":3}},"line":111}},"branchMap":{"0":{"loc":{"start":{"line":18,"column":6},"end":{"line":23,"column":8}},"type":"binary-expr","locations":[{"start":{"line":18,"column":6},"end":{"line":18,"column":15}},{"start":{"line":19,"column":6},"end":{"line":23,"column":8}}],"line":18},"1":{"loc":{"start":{"line":25,"column":6},"end":{"line":29,"column":8}},"type":"binary-expr","locations":[{"start":{"line":25,"column":6},"end":{"line":25,"column":11}},{"start":{"line":26,"column":6},"end":{"line":29,"column":8}}],"line":25},"2":{"loc":{"start":{"line":66,"column":4},"end":{"line":71,"column":5}},"type":"if","locations":[{"start":{"line":66,"column":4},"end":{"line":71,"column":5}},{"start":{},"end":{}}],"line":66},"3":{"loc":{"start":{"line":73,"column":4},"end":{"line":84,"column":5}},"type":"if","locations":[{"start":{"line":73,"column":4},"end":{"line":84,"column":5}},{"start":{},"end":{}}],"line":73},"4":{"loc":{"start":{"line":90,"column":4},"end":{"line":95,"column":5}},"type":"if","locations":[{"start":{"line":90,"column":4},"end":{"line":95,"column":5}},{"start":{},"end":{}}],"line":90},"5":{"loc":{"start":{"line":96,"column":4},"end":{"line":100,"column":5}},"type":"if","locations":[{"start":{"line":96,"column":4},"end":{"line":100,"column":5}},{"start":{"line":98,"column":11},"end":{"line":100,"column":5}}],"line":96}},"s":{"0":4,"1":4,"2":4,"3":77,"4":77,"5":77,"6":68,"7":68,"8":68,"9":68,"10":76,"11":30,"12":30,"13":30,"14":30,"15":10,"16":10,"17":20,"18":7,"19":7,"20":13,"21":9,"22":1,"23":8,"24":6,"25":2,"26":8,"27":8,"28":9,"29":4},"f":{"0":77,"1":68,"2":76,"3":30,"4":30,"5":9,"6":9},"b":{"0":[77,68],"1":[77,68],"2":[10,20],"3":[7,13],"4":[1,8],"5":[6,2]},"_coverageSchema":"1a1c01bbd47fc00a2c39e90264f33305004495a9","hash":"c8b6456af38404f1397a5e4752a428b5da472c6f"}
,"F:\\3 mounth\\project\\blockchain\\wallet\\transactionPool.js": {"path":"F:\\3 mounth\\project\\blockchain\\wallet\\transactionPool.js","statementMap":{"0":{"start":{"line":1,"column":20},"end":{"line":1,"column":44}},"1":{"start":{"line":5,"column":4},"end":{"line":5,"column":29}},"2":{"start":{"line":9,"column":4},"end":{"line":10,"column":17}},"3":{"start":{"line":14,"column":25},"end":{"line":16,"column":5}},"4":{"start":{"line":17,"column":24},"end":{"line":20,"column":5}},"5":{"start":{"line":19,"column":8},"end":{"line":19,"column":50}},"6":{"start":{"line":22,"column":4},"end":{"line":22,"column":23}},"7":{"start":{"line":26,"column":4},"end":{"line":26,"column":39}},"8":{"start":{"line":30,"column":4},"end":{"line":36,"column":7}},"9":{"start":{"line":33,"column":6},"end":{"line":35,"column":8}},"10":{"start":{"line":40,"column":4},"end":{"line":40,"column":29}},"11":{"start":{"line":44,"column":4},"end":{"line":53,"column":5}},"12":{"start":{"line":44,"column":17},"end":{"line":44,"column":18}},"13":{"start":{"line":45,"column":20},"end":{"line":45,"column":28}},"14":{"start":{"line":46,"column":6},"end":{"line":52,"column":7}},"15":{"start":{"line":47,"column":8},"end":{"line":51,"column":9}},"16":{"start":{"line":48,"column":10},"end":{"line":50,"column":12}},"17":{"start":{"line":57,"column":0},"end":{"line":57,"column":33}}},"fnMap":{"0":{"name":"(anonymous_0)","decl":{"start":{"line":4,"column":2},"end":{"line":4,"column":3}},"loc":{"start":{"line":4,"column":16},"end":{"line":6,"column":3}},"line":4},"1":{"name":"(anonymous_1)","decl":{"start":{"line":8,"column":2},"end":{"line":8,"column":3}},"loc":{"start":{"line":8,"column":29},"end":{"line":11,"column":3}},"line":8},"2":{"name":"(anonymous_2)","decl":{"start":{"line":13,"column":2},"end":{"line":13,"column":3}},"loc":{"start":{"line":13,"column":43},"end":{"line":23,"column":3}},"line":13},"3":{"name":"(anonymous_3)","decl":{"start":{"line":18,"column":6},"end":{"line":18,"column":7}},"loc":{"start":{"line":19,"column":8},"end":{"line":19,"column":50}},"line":19},"4":{"name":"(anonymous_4)","decl":{"start":{"line":25,"column":2},"end":{"line":25,"column":3}},"loc":{"start":{"line":25,"column":23},"end":{"line":27,"column":3}},"line":25},"5":{"name":"(anonymous_5)","decl":{"start":{"line":29,"column":2},"end":{"line":29,"column":3}},"loc":{"start":{"line":29,"column":22},"end":{"line":37,"column":3}},"line":29},"6":{"name":"(anonymous_6)","decl":{"start":{"line":32,"column":13},"end":{"line":32,"column":14}},"loc":{"start":{"line":32,"column":30},"end":{"line":36,"column":5}},"line":32},"7":{"name":"(anonymous_7)","decl":{"start":{"line":39,"column":2},"end":{"line":39,"column":3}},"loc":{"start":{"line":39,"column":10},"end":{"line":41,"column":3}},"line":39},"8":{"name":"(anonymous_8)","decl":{"start":{"line":43,"column":2},"end":{"line":43,"column":3}},"loc":{"start":{"line":43,"column":40},"end":{"line":54,"column":3}},"line":43}},"branchMap":{"0":{"loc":{"start":{"line":47,"column":8},"end":{"line":51,"column":9}},"type":"if","locations":[{"start":{"line":47,"column":8},"end":{"line":51,"column":9}},{"start":{},"end":{}}],"line":47}},"s":{"0":1,"1":5,"2":27,"3":0,"4":0,"5":0,"6":0,"7":0,"8":2,"9":20,"10":1,"11":1,"12":1,"13":4,"14":4,"15":3,"16":3,"17":1},"f":{"0":5,"1":27,"2":0,"3":0,"4":0,"5":2,"6":20,"7":1,"8":1},"b":{"0":[3,0]},"_coverageSchema":"1a1c01bbd47fc00a2c39e90264f33305004495a9","hash":"3026cd8ace7f2eb2757b3e2e70fee4ff01a672c8"}
,"F:\\3 mounth\\project\\blockchain\\wallet\\wallet.js": {"path":"F:\\3 mounth\\project\\blockchain\\wallet\\wallet.js","statementMap":{"0":{"start":{"line":3,"column":4},"end":{"line":3,"column":36}},"1":{"start":{"line":4,"column":15},"end":{"line":4,"column":40}},"2":{"start":{"line":5,"column":17},"end":{"line":5,"column":48}},"3":{"start":{"line":6,"column":20},"end":{"line":6,"column":47}},"4":{"start":{"line":10,"column":4},"end":{"line":10,"column":36}},"5":{"start":{"line":11,"column":4},"end":{"line":11,"column":35}},"6":{"start":{"line":12,"column":4},"end":{"line":14,"column":21}},"7":{"start":{"line":18,"column":4},"end":{"line":18,"column":45}},"8":{"start":{"line":26,"column":4},"end":{"line":31,"column":5}},"9":{"start":{"line":27,"column":6},"end":{"line":30,"column":9}},"10":{"start":{"line":32,"column":4},"end":{"line":34,"column":5}},"11":{"start":{"line":33,"column":6},"end":{"line":33,"column":48}},"12":{"start":{"line":36,"column":4},"end":{"line":40,"column":7}},"13":{"start":{"line":44,"column":22},"end":{"line":44,"column":23}},"14":{"start":{"line":45,"column":34},"end":{"line":45,"column":39}},"15":{"start":{"line":46,"column":4},"end":{"line":65,"column":5}},"16":{"start":{"line":46,"column":17},"end":{"line":46,"column":33}},"17":{"start":{"line":47,"column":20},"end":{"line":47,"column":28}},"18":{"start":{"line":49,"column":6},"end":{"line":60,"column":7}},"19":{"start":{"line":50,"column":8},"end":{"line":54,"column":9}},"20":{"start":{"line":53,"column":10},"end":{"line":53,"column":41}},"21":{"start":{"line":56,"column":10},"end":{"line":56,"column":40}},"22":{"start":{"line":57,"column":8},"end":{"line":59,"column":9}},"23":{"start":{"line":58,"column":10},"end":{"line":58,"column":39}},"24":{"start":{"line":62,"column":6},"end":{"line":64,"column":7}},"25":{"start":{"line":63,"column":8},"end":{"line":63,"column":14}},"26":{"start":{"line":67,"column":4},"end":{"line":69,"column":39}},"27":{"start":{"line":73,"column":0},"end":{"line":73,"column":24}}},"fnMap":{"0":{"name":"(anonymous_0)","decl":{"start":{"line":9,"column":2},"end":{"line":9,"column":3}},"loc":{"start":{"line":9,"column":16},"end":{"line":15,"column":3}},"line":9},"1":{"name":"(anonymous_1)","decl":{"start":{"line":17,"column":2},"end":{"line":17,"column":3}},"loc":{"start":{"line":17,"column":13},"end":{"line":19,"column":3}},"line":17},"2":{"name":"(anonymous_2)","decl":{"start":{"line":21,"column":2},"end":{"line":21,"column":3}},"loc":{"start":{"line":25,"column":5},"end":{"line":41,"column":3}},"line":25},"3":{"name":"(anonymous_3)","decl":{"start":{"line":43,"column":2},"end":{"line":43,"column":3}},"loc":{"start":{"line":43,"column":46},"end":{"line":70,"column":3}},"line":43}},"branchMap":{"0":{"loc":{"start":{"line":26,"column":4},"end":{"line":31,"column":5}},"type":"if","locations":[{"start":{"line":26,"column":4},"end":{"line":31,"column":5}},{"start":{},"end":{}}],"line":26},"1":{"loc":{"start":{"line":32,"column":4},"end":{"line":34,"column":5}},"type":"if","locations":[{"start":{"line":32,"column":4},"end":{"line":34,"column":5}},{"start":{},"end":{}}],"line":32},"2":{"loc":{"start":{"line":50,"column":8},"end":{"line":54,"column":9}},"type":"if","locations":[{"start":{"line":50,"column":8},"end":{"line":54,"column":9}},{"start":{},"end":{}}],"line":50},"3":{"loc":{"start":{"line":57,"column":8},"end":{"line":59,"column":9}},"type":"if","locations":[{"start":{"line":57,"column":8},"end":{"line":59,"column":9}},{"start":{},"end":{}}],"line":57},"4":{"loc":{"start":{"line":62,"column":6},"end":{"line":64,"column":7}},"type":"if","locations":[{"start":{"line":62,"column":6},"end":{"line":64,"column":7}},{"start":{},"end":{}}],"line":62},"5":{"loc":{"start":{"line":67,"column":11},"end":{"line":69,"column":38}},"type":"cond-expr","locations":[{"start":{"line":68,"column":8},"end":{"line":68,"column":19}},{"start":{"line":69,"column":8},"end":{"line":69,"column":38}}],"line":67}},"s":{"0":4,"1":4,"2":4,"3":4,"4":64,"5":64,"6":64,"7":86,"8":23,"9":1,"10":23,"11":1,"12":22,"13":10,"14":10,"15":10,"16":10,"17":4,"18":4,"19":6,"20":2,"21":6,"22":6,"23":6,"24":4,"25":2,"26":10,"27":4},"f":{"0":64,"1":86,"2":23,"3":10},"b":{"0":[1,22],"1":[1,22],"2":[2,4],"3":[6,0],"4":[2,2],"5":[2,8]},"_coverageSchema":"1a1c01bbd47fc00a2c39e90264f33305004495a9","hash":"77ed95b600eb37886c6d1bb6d927ca19256153eb"}
}
