TN:
SF:blockchain\block.js
FN:9,(anonymous_0)
FN:18,(anonymous_1)
FN:22,(anonymous_2)
FN:43,(anonymous_3)
FNF:4
FNH:4
FNDA:87,(anonymous_0)
FNDA:52,(anonymous_1)
FNDA:34,(anonymous_2)
FNDA:37,(anonymous_3)
DA:2,4
DA:4,4
DA:5,4
DA:10,87
DA:11,87
DA:12,87
DA:13,87
DA:14,87
DA:15,87
DA:19,52
DA:23,34
DA:24,34
DA:27,34
DA:29,34
DA:31,160
DA:32,160
DA:33,160
DA:37,34
DA:39,34
DA:44,37
DA:45,37
DA:46,20
DA:47,1
DA:49,17
DA:61,4
LF:25
LH:25
BRDA:45,0,0,20
BRDA:45,0,1,17
BRDA:46,1,0,19
BRDA:46,1,1,1
BRF:4
BRH:4
end_of_record
TN:
SF:blockchain\blockchain.js
FN:11,(anonymous_0)
FN:15,(anonymous_1)
FN:23,(anonymous_2)
FN:52,(anonymous_3)
FN:91,(anonymous_4)
FNF:5
FNH:5
FNDA:42,(anonymous_0)
FNDA:33,(anonymous_1)
FNDA:7,(anonymous_2)
FNDA:5,(anonymous_3)
FNDA:6,(anonymous_4)
DA:1,3
DA:2,3
DA:3,3
DA:7,3
DA:8,3
DA:12,42
DA:17,33
DA:18,33
DA:24,7
DA:28,1
DA:30,6
DA:31,13
DA:32,13
DA:39,13
DA:41,13
DA:42,1
DA:43,12
DA:47,3
DA:49,2
DA:57,5
DA:58,2
DA:61,2
DA:63,3
DA:64,2
DA:67,2
DA:70,1
DA:76,0
DA:79,0
DA:82,1
DA:83,1
DA:84,1
DA:92,6
DA:93,6
DA:94,6
DA:95,6
DA:96,6
DA:97,11
DA:101,4
DA:102,4
DA:103,1
DA:106,1
DA:108,3
DA:113,1
DA:116,1
DA:119,7
DA:124,1
DA:125,1
DA:129,6
DA:134,6
DA:138,1
DA:139,1
DA:142,5
DA:143,1
DA:146,1
DA:148,4
DA:153,1
DA:157,3
LF:57
LH:55
BRDA:24,0,0,1
BRDA:24,0,1,6
BRDA:41,1,0,1
BRDA:41,1,1,12
BRDA:43,2,0,3
BRDA:43,2,1,9
BRDA:57,3,0,2
BRDA:57,3,1,3
BRDA:63,4,0,2
BRDA:63,4,1,1
BRDA:70,5,0,0
BRDA:70,5,1,1
BRDA:71,6,0,1
BRDA:71,6,1,0
BRDA:82,7,0,0
BRDA:82,7,1,1
BRDA:97,8,0,4
BRDA:97,8,1,7
BRDA:102,9,0,1
BRDA:102,9,1,3
BRDA:108,10,0,1
BRDA:108,10,1,2
BRDA:119,11,0,1
BRDA:119,11,1,6
BRDA:134,12,0,1
BRDA:134,12,1,5
BRDA:142,13,0,1
BRDA:142,13,1,4
BRF:28
BRH:25
end_of_record
TN:
SF:configs\configs.js
FNF:0
FNH:0
DA:1,5
DA:2,5
DA:3,5
DA:5,5
DA:8,5
DA:10,5
DA:19,5
LF:7
LH:7
BRF:0
BRH:0
end_of_record
TN:
SF:utils\ec.js
FNF:0
FNH:0
DA:1,4
DA:3,4
DA:5,4
LF:3
LH:3
BRF:0
BRH:0
end_of_record
TN:
SF:utils\hashFunc.js
FN:3,(anonymous_0)
FN:7,(anonymous_1)
FNF:2
FNH:2
FNDA:285,(anonymous_0)
FNDA:808,(anonymous_1)
DA:1,6
DA:3,6
DA:4,285
DA:5,285
DA:7,808
DA:11,285
DA:14,6
LF:7
LH:7
BRF:0
BRH:0
end_of_record
TN:
SF:utils\verifySignature.js
FN:4,(anonymous_0)
FNF:1
FNH:1
FNDA:23,(anonymous_0)
DA:1,4
DA:2,4
DA:4,4
DA:5,23
DA:6,23
DA:9,4
LF:6
LH:6
BRF:0
BRH:0
end_of_record
TN:
SF:wallet\transaction.js
FN:9,(anonymous_0)
FN:32,(anonymous_1)
FN:44,(anonymous_2)
FN:53,(anonymous_3)
FN:62,(anonymous_4)
FN:89,(anonymous_5)
FN:111,(anonymous_6)
FNF:7
FNH:7
FNDA:77,(anonymous_0)
FNDA:68,(anonymous_1)
FNDA:76,(anonymous_2)
FNDA:30,(anonymous_3)
FNDA:30,(anonymous_4)
FNDA:9,(anonymous_5)
FNDA:9,(anonymous_6)
DA:1,4
DA:2,4
DA:6,4
DA:16,77
DA:17,77
DA:24,77
DA:37,68
DA:38,68
DA:39,68
DA:41,68
DA:45,76
DA:57,30
DA:59,30
DA:63,30
DA:66,30
DA:67,10
DA:70,10
DA:73,20
DA:80,7
DA:83,7
DA:86,13
DA:90,9
DA:94,1
DA:96,8
DA:97,6
DA:99,2
DA:101,8
DA:105,8
DA:112,9
DA:121,4
LF:30
LH:30
BRDA:18,0,0,77
BRDA:18,0,1,68
BRDA:25,1,0,77
BRDA:25,1,1,68
BRDA:66,2,0,10
BRDA:66,2,1,20
BRDA:73,3,0,7
BRDA:73,3,1,13
BRDA:90,4,0,1
BRDA:90,4,1,8
BRDA:96,5,0,6
BRDA:96,5,1,2
BRF:12
BRH:12
end_of_record
TN:
SF:wallet\transactionPool.js
FN:4,(anonymous_0)
FN:8,(anonymous_1)
FN:13,(anonymous_2)
FN:18,(anonymous_3)
FN:25,(anonymous_4)
FN:29,(anonymous_5)
FN:32,(anonymous_6)
FN:39,(anonymous_7)
FN:43,(anonymous_8)
FNF:9
FNH:6
FNDA:5,(anonymous_0)
FNDA:27,(anonymous_1)
FNDA:0,(anonymous_2)
FNDA:0,(anonymous_3)
FNDA:0,(anonymous_4)
FNDA:2,(anonymous_5)
FNDA:20,(anonymous_6)
FNDA:1,(anonymous_7)
FNDA:1,(anonymous_8)
DA:1,1
DA:5,5
DA:9,27
DA:14,0
DA:17,0
DA:19,0
DA:22,0
DA:26,0
DA:30,2
DA:33,20
DA:40,1
DA:44,1
DA:45,4
DA:46,4
DA:47,3
DA:48,3
DA:57,1
LF:17
LH:12
BRDA:47,0,0,3
BRDA:47,0,1,0
BRF:2
BRH:1
end_of_record
TN:
SF:wallet\wallet.js
FN:9,(anonymous_0)
FN:17,(anonymous_1)
FN:21,(anonymous_2)
FN:43,(anonymous_3)
FNF:4
FNH:4
FNDA:64,(anonymous_0)
FNDA:86,(anonymous_1)
FNDA:23,(anonymous_2)
FNDA:10,(anonymous_3)
DA:3,4
DA:4,4
DA:5,4
DA:6,4
DA:10,64
DA:11,64
DA:12,64
DA:18,86
DA:26,23
DA:27,1
DA:32,23
DA:33,1
DA:36,22
DA:44,10
DA:45,10
DA:46,10
DA:47,4
DA:49,4
DA:50,6
DA:53,2
DA:56,6
DA:57,6
DA:58,6
DA:62,4
DA:63,2
DA:67,10
DA:73,4
LF:27
LH:27
BRDA:26,0,0,1
BRDA:26,0,1,22
BRDA:32,1,0,1
BRDA:32,1,1,22
BRDA:50,2,0,2
BRDA:50,2,1,4
BRDA:57,3,0,6
BRDA:57,3,1,0
BRDA:62,4,0,2
BRDA:62,4,1,2
BRDA:67,5,0,2
BRDA:67,5,1,8
BRF:12
BRH:11
end_of_record
